<?xml version="1.0" encoding="UTF-8"?>
<testng-results ignored="0" total="1" passed="0" failed="1" skipped="0">
  <reporter-output>
  </reporter-output>
  <suite started-at="2022-09-19T13:07:33 IST" name="Default suite" finished-at="2022-09-19T13:07:51 IST" duration-ms="17423">
    <groups>
      <group name="cucumber">
        <method signature="AbstractTestNGCucumberTests.runScenario(io.cucumber.testng.PickleWrapper,io.cucumber.testng.FeatureWrapper)[pri:0, instance:runner.Runnerclass@4d0f2471]" name="runScenario" class="io.cucumber.testng.AbstractTestNGCucumberTests"/>
      </group> <!-- cucumber -->
    </groups>
    <test started-at="2022-09-19T13:07:33 IST" name="Default test" finished-at="2022-09-19T13:07:51 IST" duration-ms="17423">
      <class name="runner.Runnerclass">
        <test-method is-config="true" signature="setUpClass()[pri:0, instance:runner.Runnerclass@4d0f2471]" started-at="2022-09-19T13:07:33 IST" name="setUpClass" finished-at="2022-09-19T13:07:35 IST" duration-ms="1040" status="PASS">
          <reporter-output>
          </reporter-output>
        </test-method> <!-- setUpClass -->
        <test-method signature="runScenario(io.cucumber.testng.PickleWrapper,io.cucumber.testng.FeatureWrapper)[pri:0, instance:runner.Runnerclass@4d0f2471]" started-at="2022-09-19T13:07:35 IST" name="runScenario" description="Runs Cucumber Scenarios" data-provider="scenarios" finished-at="2022-09-19T13:07:51 IST" duration-ms="16059" status="FAIL">
          <params>
            <param index="0">
              <value>
                <![CDATA["open browser and enter test url login page should be displayed, enter valid username and"]]>
              </value>
            </param>
            <param index="1">
              <value>
                <![CDATA["Optional[Login]"]]>
              </value>
            </param>
          </params>
          <exception class="java.lang.AssertionError">
            <message>
              <![CDATA[expected [Facebook Home page] but found [Facebook – log in or sign up]]]>
            </message>
            <full-stacktrace>
              <![CDATA[java.lang.AssertionError: expected [Facebook Home page] but found [Facebook – log in or sign up]
at org.testng.Assert.fail(Assert.java:99)
at org.testng.Assert.failNotEquals(Assert.java:1037)
at org.testng.Assert.assertEqualsImpl(Assert.java:140)
at org.testng.Assert.assertEquals(Assert.java:122)
at org.testng.Assert.assertEquals(Assert.java:629)
at org.testng.Assert.assertEquals(Assert.java:639)
at stepdefinition.Stepdefinitionforfeature.home_page_should_be_displayed(Stepdefinitionforfeature.java:44)
at ✽.Home page should be displayed.(file:///C:/Users/ADMIN/eclipse-workspace/Cucumber_BDD/src/test/java/featureFile/Login.feature:10)
]]>
            </full-stacktrace>
          </exception> <!-- java.lang.AssertionError -->
          <reporter-output>
          </reporter-output>
        </test-method> <!-- runScenario -->
        <test-method is-config="true" signature="tearDownClass()[pri:0, instance:runner.Runnerclass@4d0f2471]" started-at="2022-09-19T13:07:51 IST" name="tearDownClass" finished-at="2022-09-19T13:07:51 IST" duration-ms="167" status="PASS">
          <reporter-output>
          </reporter-output>
        </test-method> <!-- tearDownClass -->
      </class> <!-- runner.Runnerclass -->
    </test> <!-- Default test -->
  </suite> <!-- Default suite -->
</testng-results>
