<?xml version="1.0" encoding="UTF-8"?>
<!-- Generated by org.testng.reporters.JUnitReportReporter -->
<testsuite hostname="DESKTOP-VPHC28A" failures="1" tests="1" name="runner.Runnerclass" time="16.059" errors="0" timestamp="2022-09-19T13:07:51 IST" skipped="0">
  <testcase classname="runner.Runnerclass" name="runScenario" time="16.059">
    <failure message="expected [Facebook Home page] but found [Facebook – log in or sign up]" type="java.lang.AssertionError">
      <![CDATA[java.lang.AssertionError: expected [Facebook Home page] but found [Facebook – log in or sign up]
at org.testng.Assert.fail(Assert.java:99)
at org.testng.Assert.failNotEquals(Assert.java:1037)
at org.testng.Assert.assertEqualsImpl(Assert.java:140)
at org.testng.Assert.assertEquals(Assert.java:122)
at org.testng.Assert.assertEquals(Assert.java:629)
at org.testng.Assert.assertEquals(Assert.java:639)
at stepdefinition.Stepdefinitionforfeature.home_page_should_be_displayed(Stepdefinitionforfeature.java:44)
at ✽.Home page should be displayed.(file:///C:/Users/ADMIN/eclipse-workspace/Cucumber_BDD/src/test/java/featureFile/Login.feature:10)
]]>
    </failure>
  </testcase> <!-- runScenario -->
  <system-out/>
</testsuite> <!-- runner.Runnerclass -->
